Command line:
   thunderbird_tb_isim_beh.exe
     -simmode  gui
     -simrunnum  0
     -socket  49172

Fri Sep 28 15:50:47 2018


 Elaboration Time: 0.0156 sec

 Current Memory Usage: 505.987 Meg

 Total Signals          : 23
 Total Nets             : 23
 Total Signal Drivers   : 15
 Total Blocks           : 3
 Total Primitive Blocks : 2
 Total Processes        : 22
 Total Traceable Variables  : 38
 Total Scalar Nets and Variables : 173
Total Line Count : 68

 Total Simulation Time: 0.0312 sec

 Current Memory Usage: 505.987 Meg

Fri Sep 28 15:50:56 2018

